<?xml version="1.0" encoding="UTF-8"?>
<!-- Generated by org.testng.reporters.JUnitXMLReporter -->
<testsuite hostname="DESKTOP-TA0RUPS" ignored="0" name="Test" tests="8" failures="0" timestamp="18 Sep 2023 10:46:53 GMT" time="13.615" errors="0">
  <testcase name="@BeforeTest setUp" time="13.538" classname="testNG_Basics.SampleTest_3">
    <failure type="org.openqa.selenium.SessionNotCreatedException" message="Could not start a new session. Response code 500. Message: session not created: This version of ChromeDriver only supports Chrome version 114
Current browser version is 116.0.5845.188 with binary path C:\Program Files (x86)\Google\Chrome\Application\chrome.exe
Build info: version: &amp;apos;4.0.0&amp;apos;, revision: &amp;apos;3a21814679&amp;apos;
System info: host: &amp;apos;DESKTOP-TA0RUPS&amp;apos;, ip: &amp;apos;192.168.0.101&amp;apos;, os.name: &amp;apos;Windows 10&amp;apos;, os.arch: &amp;apos;amd64&amp;apos;, os.version: &amp;apos;10.0&amp;apos;, java.version: &amp;apos;1.8.0_231&amp;apos;
Driver info: org.openqa.selenium.chrome.ChromeDriver
Command: [null, newSession {capabilities=[Capabilities {browserName: chrome, goog:chromeOptions: {args: [], extensions: []}}], desiredCapabilities=Capabilities {browserName: chrome, goog:chromeOptions: {args: [], extensions: []}}}]">
      <![CDATA[org.openqa.selenium.SessionNotCreatedException: Could not start a new session. Response code 500. Message: session not created: This version of ChromeDriver only supports Chrome version 114
Current browser version is 116.0.5845.188 with binary path C:\Program Files (x86)\Google\Chrome\Application\chrome.exe
Build info: version: '4.0.0', revision: '3a21814679'
System info: host: 'DESKTOP-TA0RUPS', ip: '192.168.0.101', os.name: 'Windows 10', os.arch: 'amd64', os.version: '10.0', java.version: '1.8.0_231'
Driver info: org.openqa.selenium.chrome.ChromeDriver
Command: [null, newSession {capabilities=[Capabilities {browserName: chrome, goog:chromeOptions: {args: [], extensions: []}}], desiredCapabilities=Capabilities {browserName: chrome, goog:chromeOptions: {args: [], extensions: []}}}]
at org.openqa.selenium.remote.ProtocolHandshake.createSession(ProtocolHandshake.java:126)
at org.openqa.selenium.remote.ProtocolHandshake.createSession(ProtocolHandshake.java:84)
at org.openqa.selenium.remote.ProtocolHandshake.createSession(ProtocolHandshake.java:62)
at org.openqa.selenium.remote.HttpCommandExecutor.execute(HttpCommandExecutor.java:156)
at org.openqa.selenium.remote.service.DriverCommandExecutor.invokeExecute(DriverCommandExecutor.java:164)
at org.openqa.selenium.remote.service.DriverCommandExecutor.execute(DriverCommandExecutor.java:139)
at org.openqa.selenium.remote.RemoteWebDriver.execute(RemoteWebDriver.java:559)
at org.openqa.selenium.remote.RemoteWebDriver.startSession(RemoteWebDriver.java:246)
at org.openqa.selenium.remote.RemoteWebDriver.<init>(RemoteWebDriver.java:168)
at org.openqa.selenium.chromium.ChromiumDriver.<init>(ChromiumDriver.java:108)
at org.openqa.selenium.chrome.ChromeDriver.<init>(ChromeDriver.java:104)
at org.openqa.selenium.chrome.ChromeDriver.<init>(ChromeDriver.java:91)
at org.openqa.selenium.chrome.ChromeDriver.<init>(ChromeDriver.java:46)
at testNG_Basics.SampleTest_3.setUp(SampleTest_3.java:25)
... Removed 24 stack frames]]>
    </failure>
  </testcase> <!-- @BeforeTest setUp -->
  <testcase name="@BeforeMethod setUp" time="0.0" classname="testNG_Basics.GoogleTest_4">
    <skipped/>
  </testcase> <!-- @BeforeMethod setUp -->
  <testcase name="@AfterMethod tearDown" time="0.0" classname="testNG_Basics.GoogleTest_4">
    <skipped/>
  </testcase> <!-- @AfterMethod tearDown -->
  <testcase name="@BeforeMethod setUp" time="0.0" classname="testNG_Basics.GoogleTest_4">
    <skipped/>
  </testcase> <!-- @BeforeMethod setUp -->
  <testcase name="@AfterMethod tearDown" time="0.0" classname="testNG_Basics.GoogleTest_4">
    <skipped/>
  </testcase> <!-- @AfterMethod tearDown -->
  <testcase name="@BeforeMethod setUp" time="0.0" classname="testNG_Basics.GoogleTest_4">
    <skipped/>
  </testcase> <!-- @BeforeMethod setUp -->
  <testcase name="@AfterMethod tearDown" time="0.0" classname="testNG_Basics.GoogleTest_4">
    <skipped/>
  </testcase> <!-- @AfterMethod tearDown -->
  <testcase name="@BeforeClass launchBrowser" time="0.0" classname="testNG_Basics.AnnotatiosConcept_2">
    <skipped/>
  </testcase> <!-- @BeforeClass launchBrowser -->
  <testcase name="@BeforeMethod loginToApp" time="0.0" classname="testNG_Basics.AnnotatiosConcept_2">
    <skipped/>
  </testcase> <!-- @BeforeMethod loginToApp -->
  <testcase name="@AfterMethod logout" time="0.0" classname="testNG_Basics.AnnotatiosConcept_2">
    <skipped/>
  </testcase> <!-- @AfterMethod logout -->
  <testcase name="@BeforeMethod loginToApp" time="0.0" classname="testNG_Basics.AnnotatiosConcept_2">
    <skipped/>
  </testcase> <!-- @BeforeMethod loginToApp -->
  <testcase name="@AfterMethod logout" time="0.0" classname="testNG_Basics.AnnotatiosConcept_2">
    <skipped/>
  </testcase> <!-- @AfterMethod logout -->
  <testcase name="@AfterClass clearBrowser" time="0.0" classname="testNG_Basics.AnnotatiosConcept_2">
    <skipped/>
  </testcase> <!-- @AfterClass clearBrowser -->
  <testcase name="@AfterTest deleteTestUser" time="0.0" classname="testNG_Basics.AnnotatiosConcept_2">
    <skipped/>
  </testcase> <!-- @AfterTest deleteTestUser -->
  <testcase name="@AfterTest tearDown" time="0.0" classname="testNG_Basics.SampleTest_3">
    <skipped/>
  </testcase> <!-- @AfterTest tearDown -->
  <testcase name="googleSearchTest" time="0.0" classname="testNG_Basics.SampleTest_3">
    <skipped/>
  </testcase> <!-- googleSearchTest -->
  <testcase name="searchTest" time="0.0" classname="testNG_Basics.SampleTest_3">
    <skipped/>
  </testcase> <!-- searchTest -->
  <testcase name="urlTest" time="0.0" classname="testNG_Basics.SampleTest_3">
    <skipped/>
  </testcase> <!-- urlTest -->
  <testcase name="googleSearchTest" time="0.0" classname="testNG_Basics.GoogleTest_4">
    <skipped/>
  </testcase> <!-- googleSearchTest -->
  <testcase name="searchTest" time="0.0" classname="testNG_Basics.GoogleTest_4">
    <skipped/>
  </testcase> <!-- searchTest -->
  <testcase name="urlTest" time="0.0" classname="testNG_Basics.GoogleTest_4">
    <skipped/>
  </testcase> <!-- urlTest -->
  <testcase name="accountInfoTest" time="0.0" classname="testNG_Basics.AnnotatiosConcept_2">
    <skipped/>
  </testcase> <!-- accountInfoTest -->
  <testcase name="userInfoTest" time="0.0" classname="testNG_Basics.AnnotatiosConcept_2">
    <skipped/>
  </testcase> <!-- userInfoTest -->
</testsuite> <!-- Test -->
